<?xml version="1.0" encoding="UTF-8"?>
<testng-results skipped="0" failed="0" ignored="0" total="1" passed="1">
  <reporter-output>
  </reporter-output>
  <suite name="Default suite" duration-ms="80040" started-at="2021-01-07T11:28:30Z" finished-at="2021-01-07T11:29:50Z">
    <groups>
    </groups>
    <test name="Default test" duration-ms="80040" started-at="2021-01-07T11:28:30Z" finished-at="2021-01-07T11:29:50Z">
      <class name="org.testing.Testscripts.TC4">
        <test-method status="PASS" signature="Browserlaunch()[pri:0, instance:org.testing.Testscripts.TC4@171b748]" name="Browserlaunch" is-config="true" duration-ms="21556" started-at="2021-01-07T11:28:30Z" finished-at="2021-01-07T11:28:52Z">
          <reporter-output>
          </reporter-output>
        </test-method> <!-- Browserlaunch -->
        <test-method status="PASS" signature="Login()[pri:0, instance:org.testing.Testscripts.TC4@171b748]" name="Login" duration-ms="58369" started-at="2021-01-07T11:28:52Z" finished-at="2021-01-07T11:29:50Z">
          <reporter-output>
          </reporter-output>
        </test-method> <!-- Login -->
        <test-method status="PASS" signature="browserclose()[pri:0, instance:org.testing.Testscripts.TC4@171b748]" name="browserclose" is-config="true" duration-ms="82" started-at="2021-01-07T11:29:50Z" finished-at="2021-01-07T11:29:50Z">
          <reporter-output>
          </reporter-output>
        </test-method> <!-- browserclose -->
      </class> <!-- org.testing.Testscripts.TC4 -->
    </test> <!-- Default test -->
  </suite> <!-- Default suite -->
</testng-results>
