<?xml version="1.0" encoding="UTF-8"?>
<!-- Generated by org.testng.reporters.JUnitXMLReporter -->
<testsuite hostname="pc-PC" ignored="0" name="Test" tests="8" failures="0" timestamp="06 Feb 2021 12:46:10 GMT" time="513.297" errors="0">
  <testcase name="Login" time="51.495" classname="org.testing.Testscripts.TC5"/>
  <testcase name="Login" time="54.913" classname="org.testing.Testscripts.TC6"/>
  <testcase name="Login" time="33.963" classname="org.testing.Testscripts.TC7"/>
  <testcase name="Login" time="32.897" classname="org.testing.Testscripts.TC8"/>
  <testcase name="trending" time="34.816" classname="org.testing.Testscripts.TC1"/>
  <testcase name="Login" time="32.146" classname="org.testing.Testscripts.TC2"/>
  <testcase name="Login" time="33.45" classname="org.testing.Testscripts.TC3"/>
  <testcase name="Login" time="40.238" classname="org.testing.Testscripts.TC4"/>
</testsuite> <!-- Test -->
