<?xml version="1.0" encoding="UTF-8"?>
<!-- Generated by org.testng.reporters.JUnitXMLReporter -->
<testsuite hostname="pc-PC" ignored="0" name="Command line test 879ae6bd-5086-486b-ab66-f30127255f06" tests="4" failures="0" timestamp="23 Jan 2021 10:01:08 GMT" time="207.176" errors="0">
  <testcase name="trending" time="33.043" classname="org.testing.Testscripts.TC1"/>
  <testcase name="Login" time="29.397" classname="org.testing.Testscripts.TC3"/>
  <testcase name="Login" time="44.14" classname="org.testing.Testscripts.TC5"/>
  <testcase name="Login" time="35.075" classname="org.testing.Testscripts.TC7"/>
</testsuite> <!-- Command line test 879ae6bd-5086-486b-ab66-f30127255f06 -->
