<?xml version="1.0" encoding="UTF-8"?>
<!-- Generated by org.testng.reporters.JUnitXMLReporter -->
<testsuite hostname="pc-PC" ignored="0" name="Command line test 880fd795-3e7a-4bfc-8a75-d85a39a8c8e6" tests="4" failures="0" timestamp="23 Jan 2021 09:40:16 GMT" time="212.805" errors="0">
  <testcase name="trending" time="37.387" classname="org.testing.Testscripts.TC1"/>
  <testcase name="Login" time="29.985" classname="org.testing.Testscripts.TC2"/>
  <testcase name="Login" time="31.457" classname="org.testing.Testscripts.TC3"/>
  <testcase name="Login" time="37.625" classname="org.testing.Testscripts.TC4"/>
</testsuite> <!-- Command line test 880fd795-3e7a-4bfc-8a75-d85a39a8c8e6 -->
