<?xml version="1.0" encoding="UTF-8"?>
<!-- Generated by org.testng.reporters.JUnitXMLReporter -->
<testsuite hostname="pc-PC" ignored="0" name="Command line test 25075e0d-d373-472d-bcc7-caf6d2195295" tests="4" failures="0" timestamp="22 Jan 2021 13:33:35 GMT" time="258.209" errors="0">
  <testcase name="trending" time="42.161" classname="org.testing.Testscripts.TC1"/>
  <testcase name="Login" time="30.227" classname="org.testing.Testscripts.TC2"/>
  <testcase name="Login" time="42.985" classname="org.testing.Testscripts.TC5"/>
  <testcase name="Login" time="52.642" classname="org.testing.Testscripts.TC6"/>
</testsuite> <!-- Command line test 25075e0d-d373-472d-bcc7-caf6d2195295 -->
